  Game.cpp
D:\work\gameprogram\SFML_MineSweeper\MineSweeping\MineSweeper.h(41,2): warning C4091: “typedef ”: 没有声明变量时忽略“GRIDSTATE”的左侧
D:\work\gameprogram\SFML_MineSweeper\MineSweeping\MineSweeper.h(49,2): warning C4091: “typedef ”: 没有声明变量时忽略“GAMEOVERSTATE”的左侧
  MineSweeper.cpp
D:\work\gameprogram\SFML_MineSweeper\MineSweeping\MineSweeper.h(41,2): warning C4091: “typedef ”: 没有声明变量时忽略“GRIDSTATE”的左侧
D:\work\gameprogram\SFML_MineSweeper\MineSweeping\MineSweeper.h(49,2): warning C4091: “typedef ”: 没有声明变量时忽略“GAMEOVERSTATE”的左侧
D:\work\gameprogram\SFML_MineSweeper\MineSweeping\MineSweeper.cpp(125,12): warning C4244: “参数”: 从“time_t”转换到“unsigned int”，可能丢失数据
D:\work\gameprogram\SFML_MineSweeper\MineSweeping\MineSweeper.cpp(472,18): warning C4101: “lvl”: 未引用的局部变量
D:\work\gameprogram\SFML_MineSweeper\MineSweeping\MineSweeper.cpp(782,66): warning C4244: “参数”: 从“int”转换到“float”，可能丢失数据
D:\work\gameprogram\SFML_MineSweeper\MineSweeping\MineSweeper.cpp(782,37): warning C4244: “参数”: 从“int”转换到“float”，可能丢失数据
D:\work\gameprogram\SFML_MineSweeper\MineSweeping\MineSweeper.cpp(787,66): warning C4244: “参数”: 从“int”转换到“float”，可能丢失数据
D:\work\gameprogram\SFML_MineSweeper\MineSweeping\MineSweeper.cpp(787,37): warning C4244: “参数”: 从“int”转换到“float”，可能丢失数据
D:\work\gameprogram\SFML_MineSweeper\MineSweeping\MineSweeper.cpp(807,47): warning C4244: “参数”: 从“T”转换到“float”，可能丢失数据
          with
          [
              T=int
          ]
D:\work\gameprogram\SFML_MineSweeper\MineSweeping\MineSweeper.cpp(807,33): warning C4244: “参数”: 从“T”转换到“float”，可能丢失数据
          with
          [
              T=int
          ]
D:\work\gameprogram\SFML_MineSweeper\MineSweeping\MineSweeper.cpp(816,47): warning C4244: “参数”: 从“T”转换到“float”，可能丢失数据
          with
          [
              T=int
          ]
D:\work\gameprogram\SFML_MineSweeper\MineSweeping\MineSweeper.cpp(816,33): warning C4244: “参数”: 从“T”转换到“float”，可能丢失数据
          with
          [
              T=int
          ]
D:\work\gameprogram\SFML_MineSweeper\MineSweeping\MineSweeper.cpp(825,47): warning C4244: “参数”: 从“T”转换到“float”，可能丢失数据
          with
          [
              T=int
          ]
D:\work\gameprogram\SFML_MineSweeper\MineSweeping\MineSweeper.cpp(825,33): warning C4244: “参数”: 从“T”转换到“float”，可能丢失数据
          with
          [
              T=int
          ]
D:\work\gameprogram\SFML_MineSweeper\MineSweeping\MineSweeper.cpp(834,47): warning C4244: “参数”: 从“T”转换到“float”，可能丢失数据
          with
          [
              T=int
          ]
D:\work\gameprogram\SFML_MineSweeper\MineSweeping\MineSweeper.cpp(834,33): warning C4244: “参数”: 从“T”转换到“float”，可能丢失数据
          with
          [
              T=int
          ]
D:\work\gameprogram\SFML_MineSweeper\MineSweeping\MineSweeper.cpp(843,47): warning C4244: “参数”: 从“T”转换到“float”，可能丢失数据
          with
          [
              T=int
          ]
D:\work\gameprogram\SFML_MineSweeper\MineSweeping\MineSweeper.cpp(843,33): warning C4244: “参数”: 从“T”转换到“float”，可能丢失数据
          with
          [
              T=int
          ]
D:\work\gameprogram\SFML_MineSweeper\MineSweeping\MineSweeper.cpp(852,47): warning C4244: “参数”: 从“T”转换到“float”，可能丢失数据
          with
          [
              T=int
          ]
D:\work\gameprogram\SFML_MineSweeper\MineSweeping\MineSweeper.cpp(852,33): warning C4244: “参数”: 从“T”转换到“float”，可能丢失数据
          with
          [
              T=int
          ]
D:\work\gameprogram\SFML_MineSweeper\MineSweeping\MineSweeper.cpp(861,47): warning C4244: “参数”: 从“T”转换到“float”，可能丢失数据
          with
          [
              T=int
          ]
D:\work\gameprogram\SFML_MineSweeper\MineSweeping\MineSweeper.cpp(861,33): warning C4244: “参数”: 从“T”转换到“float”，可能丢失数据
          with
          [
              T=int
          ]
D:\work\gameprogram\SFML_MineSweeper\MineSweeping\MineSweeper.cpp(872,30): warning C4244: “=”: 从“double”转换到“T”，可能丢失数据
          with
          [
              T=int
          ]
D:\work\gameprogram\SFML_MineSweeper\MineSweeping\MineSweeper.cpp(873,50): warning C4244: “=”: 从“double”转换到“T”，可能丢失数据
          with
          [
              T=int
          ]
D:\work\gameprogram\SFML_MineSweeper\MineSweeping\MineSweeper.cpp(874,47): warning C4244: “参数”: 从“T”转换到“float”，可能丢失数据
          with
          [
              T=int
          ]
D:\work\gameprogram\SFML_MineSweeper\MineSweeping\MineSweeper.cpp(874,33): warning C4244: “参数”: 从“T”转换到“float”，可能丢失数据
          with
          [
              T=int
          ]
D:\work\gameprogram\SFML_MineSweeper\MineSweeping\MineSweeper.cpp(877,14): warning C4244: “初始化”: 从“T”转换到“int”，可能丢失数据
          with
          [
              T=float
          ]
D:\work\gameprogram\SFML_MineSweeper\MineSweeping\MineSweeper.cpp(878,64): warning C4244: “=”: 从“T”转换到“T”，可能丢失数据
          with
          [
              T=float
          ]
          and
          [
              T=int
          ]
D:\work\gameprogram\SFML_MineSweeper\MineSweeping\MineSweeper.cpp(879,71): warning C4244: “=”: 从“double”转换到“T”，可能丢失数据
          with
          [
              T=int
          ]
D:\work\gameprogram\SFML_MineSweeper\MineSweeping\MineSweeper.cpp(886,43): warning C4244: “参数”: 从“T”转换到“float”，可能丢失数据
          with
          [
              T=int
          ]
D:\work\gameprogram\SFML_MineSweeper\MineSweeping\MineSweeper.cpp(886,29): warning C4244: “参数”: 从“T”转换到“float”，可能丢失数据
          with
          [
              T=int
          ]
D:\work\gameprogram\SFML_MineSweeper\MineSweeping\MineSweeper.cpp(893,43): warning C4244: “参数”: 从“T”转换到“float”，可能丢失数据
          with
          [
              T=int
          ]
D:\work\gameprogram\SFML_MineSweeper\MineSweeping\MineSweeper.cpp(893,29): warning C4244: “参数”: 从“T”转换到“float”，可能丢失数据
          with
          [
              T=int
          ]
D:\work\gameprogram\SFML_MineSweeper\MineSweeping\MineSweeper.cpp(900,43): warning C4244: “参数”: 从“T”转换到“float”，可能丢失数据
          with
          [
              T=int
          ]
D:\work\gameprogram\SFML_MineSweeper\MineSweeping\MineSweeper.cpp(900,29): warning C4244: “参数”: 从“T”转换到“float”，可能丢失数据
          with
          [
              T=int
          ]
D:\work\gameprogram\SFML_MineSweeper\MineSweeping\MineSweeper.cpp(909,47): warning C4244: “=”: 从“double”转换到“T”，可能丢失数据
          with
          [
              T=int
          ]
D:\work\gameprogram\SFML_MineSweeper\MineSweeping\MineSweeper.cpp(910,48): warning C4244: “=”: 从“double”转换到“T”，可能丢失数据
          with
          [
              T=int
          ]
D:\work\gameprogram\SFML_MineSweeper\MineSweeping\MineSweeper.cpp(911,45): warning C4244: “参数”: 从“T”转换到“float”，可能丢失数据
          with
          [
              T=int
          ]
D:\work\gameprogram\SFML_MineSweeper\MineSweeping\MineSweeper.cpp(911,31): warning C4244: “参数”: 从“T”转换到“float”，可能丢失数据
          with
          [
              T=int
          ]
D:\work\gameprogram\SFML_MineSweeper\MineSweeping\MineSweeper.cpp(916,47): warning C4244: “=”: 从“float”转换到“int”，可能丢失数据
D:\work\gameprogram\SFML_MineSweeper\MineSweeping\MineSweeper.cpp(919,14): warning C4244: “初始化”: 从“T”转换到“int”，可能丢失数据
          with
          [
              T=float
          ]
D:\work\gameprogram\SFML_MineSweeper\MineSweeping\MineSweeper.cpp(920,62): warning C4244: “=”: 从“double”转换到“T”，可能丢失数据
          with
          [
              T=int
          ]
D:\work\gameprogram\SFML_MineSweeper\MineSweeping\MineSweeper.cpp(921,69): warning C4244: “=”: 从“double”转换到“T”，可能丢失数据
          with
          [
              T=int
          ]
D:\work\gameprogram\SFML_MineSweeper\MineSweeping\MineSweeper.cpp(930,43): warning C4244: “参数”: 从“T”转换到“float”，可能丢失数据
          with
          [
              T=int
          ]
D:\work\gameprogram\SFML_MineSweeper\MineSweeping\MineSweeper.cpp(930,29): warning C4244: “参数”: 从“T”转换到“float”，可能丢失数据
          with
          [
              T=int
          ]
D:\work\gameprogram\SFML_MineSweeper\MineSweeping\MineSweeper.cpp(937,43): warning C4244: “参数”: 从“T”转换到“float”，可能丢失数据
          with
          [
              T=int
          ]
D:\work\gameprogram\SFML_MineSweeper\MineSweeping\MineSweeper.cpp(937,29): warning C4244: “参数”: 从“T”转换到“float”，可能丢失数据
          with
          [
              T=int
          ]
D:\work\gameprogram\SFML_MineSweeper\MineSweeping\MineSweeper.cpp(944,43): warning C4244: “参数”: 从“T”转换到“float”，可能丢失数据
          with
          [
              T=int
          ]
D:\work\gameprogram\SFML_MineSweeper\MineSweeping\MineSweeper.cpp(944,29): warning C4244: “参数”: 从“T”转换到“float”，可能丢失数据
          with
          [
              T=int
          ]
D:\work\gameprogram\SFML_MineSweeper\MineSweeping\MineSweeper.cpp(952,19): warning C4244: “初始化”: 从“T”转换到“int”，可能丢失数据
          with
          [
              T=float
          ]
D:\work\gameprogram\SFML_MineSweeper\MineSweeping\MineSweeper.cpp(956,48): warning C4244: “参数”: 从“T”转换到“float”，可能丢失数据
          with
          [
              T=int
          ]
D:\work\gameprogram\SFML_MineSweeper\MineSweeping\MineSweeper.cpp(956,34): warning C4244: “参数”: 从“T”转换到“float”，可能丢失数据
          with
          [
              T=int
          ]
Game.obj : error LNK2001: 无法解析的外部符号 "__declspec(dllimport) public: bool __cdecl sf::Window::isOpen(void)const " (__imp_?isOpen@Window@sf@@QEBA_NXZ)
MineSweeper.obj : error LNK2001: 无法解析的外部符号 "__declspec(dllimport) public: static class sf::RenderStates const sf::RenderStates::Default" (__imp_?Default@RenderStates@sf@@2V12@B)
MineSweeper.obj : error LNK2001: 无法解析的外部符号 "__declspec(dllimport) public: class sf::Time __cdecl sf::Clock::restart(void)" (__imp_?restart@Clock@sf@@QEAA?AVTime@2@XZ)
MineSweeper.obj : error LNK2001: 无法解析的外部符号 "__declspec(dllimport) public: class sf::Time __cdecl sf::Clock::getElapsedTime(void)const " (__imp_?getElapsedTime@Clock@sf@@QEBA?AVTime@2@XZ)
MineSweeper.obj : error LNK2001: 无法解析的外部符号 "__declspec(dllimport) public: __cdecl sf::Clock::Clock(void)" (__imp_??0Clock@sf@@QEAA@XZ)
MineSweeper.obj : error LNK2001: 无法解析的外部符号 "__declspec(dllimport) public: int __cdecl sf::Time::asMilliseconds(void)const " (__imp_?asMilliseconds@Time@sf@@QEBAHXZ)
MineSweeper.obj : error LNK2001: 无法解析的外部符号 "__declspec(dllimport) public: float __cdecl sf::Time::asSeconds(void)const " (__imp_?asSeconds@Time@sf@@QEBAMXZ)
MineSweeper.obj : error LNK2001: 无法解析的外部符号 "__declspec(dllimport) public: void __cdecl sf::Transformable::setPosition(float,float)" (__imp_?setPosition@Transformable@sf@@QEAAXMM@Z)
MineSweeper.obj : error LNK2001: 无法解析的外部符号 "__declspec(dllimport) public: bool __cdecl sf::Texture::loadFromFile(class std::basic_string<char,struct std::char_traits<char>,class std::allocator<char> > const &,class sf::Rect<int> const &)" (__imp_?loadFromFile@Texture@sf@@QEAA_NAEBV?$basic_string@DU?$char_traits@D@std@@V?$allocator@D@2@@std@@AEBV?$Rect@H@2@@Z)
MineSweeper.obj : error LNK2001: 无法解析的外部符号 "__declspec(dllimport) public: __cdecl sf::Texture::~Texture(void)" (__imp_??1Texture@sf@@QEAA@XZ)
MineSweeper.obj : error LNK2001: 无法解析的外部符号 "__declspec(dllimport) public: __cdecl sf::Texture::Texture(void)" (__imp_??0Texture@sf@@QEAA@XZ)
MineSweeper.obj : error LNK2001: 无法解析的外部符号 "__declspec(dllimport) public: virtual __cdecl sf::RenderWindow::~RenderWindow(void)" (__imp_??1RenderWindow@sf@@UEAA@XZ)
MineSweeper.obj : error LNK2001: 无法解析的外部符号 "__declspec(dllimport) public: __cdecl sf::RenderWindow::RenderWindow(void)" (__imp_??0RenderWindow@sf@@QEAA@XZ)
MineSweeper.obj : error LNK2001: 无法解析的外部符号 "__declspec(dllimport) public: __cdecl sf::Color::Color(unsigned char,unsigned char,unsigned char,unsigned char)" (__imp_??0Color@sf@@QEAA@EEEE@Z)
MineSweeper.obj : error LNK2001: 无法解析的外部符号 "__declspec(dllimport) public: __cdecl sf::SoundBuffer::~SoundBuffer(void)" (__imp_??1SoundBuffer@sf@@QEAA@XZ)
MineSweeper.obj : error LNK2001: 无法解析的外部符号 "__declspec(dllimport) public: __cdecl sf::SoundBuffer::SoundBuffer(void)" (__imp_??0SoundBuffer@sf@@QEAA@XZ)
MineSweeper.obj : error LNK2001: 无法解析的外部符号 "__declspec(dllimport) public: virtual __cdecl sf::Sound::~Sound(void)" (__imp_??1Sound@sf@@UEAA@XZ)
MineSweeper.obj : error LNK2001: 无法解析的外部符号 "__declspec(dllimport) public: __cdecl sf::Sound::Sound(void)" (__imp_??0Sound@sf@@QEAA@XZ)
MineSweeper.obj : error LNK2001: 无法解析的外部符号 "__declspec(dllimport) public: void __cdecl sf::Window::display(void)" (__imp_?display@Window@sf@@QEAAXXZ)
MineSweeper.obj : error LNK2001: 无法解析的外部符号 "__declspec(dllimport) public: void __cdecl sf::Window::setFramerateLimit(unsigned int)" (__imp_?setFramerateLimit@Window@sf@@QEAAXI@Z)
MineSweeper.obj : error LNK2001: 无法解析的外部符号 "__declspec(dllimport) public: bool __cdecl sf::Window::pollEvent(class sf::Event &)" (__imp_?pollEvent@Window@sf@@QEAA_NAEAVEvent@2@@Z)
MineSweeper.obj : error LNK2001: 无法解析的外部符号 "__declspec(dllimport) public: void __cdecl sf::Window::close(void)" (__imp_?close@Window@sf@@QEAAXXZ)
MineSweeper.obj : error LNK2001: 无法解析的外部符号 "__declspec(dllimport) public: void __cdecl sf::Window::create(class sf::VideoMode,class sf::String const &,unsigned int,struct sf::ContextSettings const &)" (__imp_?create@Window@sf@@QEAAXVVideoMode@2@AEBVString@2@IAEBUContextSettings@2@@Z)
MineSweeper.obj : error LNK2001: 无法解析的外部符号 "__declspec(dllimport) public: void __cdecl sf::RenderTarget::draw(class sf::Drawable const &,class sf::RenderStates const &)" (__imp_?draw@RenderTarget@sf@@QEAAXAEBVDrawable@2@AEBVRenderStates@2@@Z)
MineSweeper.obj : error LNK2001: 无法解析的外部符号 "__declspec(dllimport) public: void __cdecl sf::RenderTarget::clear(class sf::Color const &)" (__imp_?clear@RenderTarget@sf@@QEAAXAEBVColor@2@@Z)
MineSweeper.obj : error LNK2001: 无法解析的外部符号 "__declspec(dllimport) public: __cdecl sf::String::String(wchar_t const *)" (__imp_??0String@sf@@QEAA@PEB_W@Z)
MineSweeper.obj : error LNK2001: 无法解析的外部符号 "__declspec(dllimport) public: __cdecl sf::VideoMode::VideoMode(unsigned int,unsigned int,unsigned int)" (__imp_??0VideoMode@sf@@QEAA@III@Z)
MineSweeper.obj : error LNK2001: 无法解析的外部符号 "__declspec(dllimport) public: class sf::Rect<float> __cdecl sf::Sprite::getLocalBounds(void)const " (__imp_?getLocalBounds@Sprite@sf@@QEBA?AV?$Rect@M@2@XZ)
MineSweeper.obj : error LNK2001: 无法解析的外部符号 "__declspec(dllimport) public: void __cdecl sf::Sprite::setTextureRect(class sf::Rect<int> const &)" (__imp_?setTextureRect@Sprite@sf@@QEAAXAEBV?$Rect@H@2@@Z)
MineSweeper.obj : error LNK2001: 无法解析的外部符号 "__declspec(dllimport) public: void __cdecl sf::Sprite::setTexture(class sf::Texture const &,bool)" (__imp_?setTexture@Sprite@sf@@QEAAXAEBVTexture@2@_N@Z)
MineSweeper.obj : error LNK2001: 无法解析的外部符号 "__declspec(dllimport) public: __cdecl sf::Sprite::Sprite(void)" (__imp_??0Sprite@sf@@QEAA@XZ)
MineSweeper.obj : error LNK2001: 无法解析的外部符号 "__declspec(dllimport) public: virtual __cdecl sf::Music::~Music(void)" (__imp_??1Music@sf@@UEAA@XZ)
MineSweeper.obj : error LNK2001: 无法解析的外部符号 "__declspec(dllimport) public: __cdecl sf::Music::Music(void)" (__imp_??0Music@sf@@QEAA@XZ)
MineSweeper.obj : error LNK2001: 无法解析的外部符号 "__declspec(dllimport) public: static class sf::Vector2<int> __cdecl sf::Mouse::getPosition(class sf::Window const &)" (__imp_?getPosition@Mouse@sf@@SA?AV?$Vector2@H@2@AEBVWindow@2@@Z)
MineSweeper.obj : error LNK2001: 无法解析的外部符号 "__declspec(dllimport) public: __cdecl sf::String::~String(void)" (__imp_??1String@sf@@QEAA@XZ)
MineSweeper.obj : error LNK2001: 无法解析的外部符号 "__declspec(dllimport) public: virtual __cdecl sf::Sprite::~Sprite(void)" (__imp_??1Sprite@sf@@UEAA@XZ)
D:\work\gameprogram\SFML_MineSweeper\x64\Release\MineSweeping.exe : fatal error LNK1120: 36 个无法解析的外部命令
